{
  "RSpec": {
    "coverage": {
      "/workspaces/hotwired_component-daisy/lib/hotwired_component/daisy/version.rb": {
        "lines": [
          1,
          1,
          1,
          null,
          null
        ]
      },
      "/workspaces/hotwired_component-daisy/lib/hotwired_component/daisy.rb": {
        "lines": [
          1,
          1,
          null,
          1,
          1,
          null,
          null,
          null
        ]
      },
      "/workspaces/hotwired_component-daisy/lib/hotwired_component/daisy/engine.rb": {
        "lines": [
          1,
          1,
          1,
          null,
          null,
          null
        ]
      },
      "/workspaces/hotwired_component-daisy/config/routes.rb": {
        "lines": [
          1,
          null
        ]
      },
      "/workspaces/hotwired_component-daisy/app/helpers/daisy_helper.rb": {
        "lines": [
          null,
          null,
          null,
          null,
          1,
          null,
          null,
          1,
          1,
          0,
          null,
          0,
          null,
          null,
          null,
          null,
          null,
          null,
          null,
          1,
          0,
          null,
          null,
          null,
          null,
          null,
          null,
          null,
          1,
          0,
          null,
          null,
          1,
          0,
          null,
          null,
          1,
          0,
          null,
          null,
          null,
          null,
          null,
          1,
          null,
          1,
          null,
          1,
          0,
          0,
          null,
          0,
          null,
          null,
          0,
          null,
          null,
          null,
          1,
          0,
          0,
          0,
          null,
          null,
          null,
          null,
          1,
          0,
          null,
          null,
          1,
          0,
          null,
          null
        ]
      },
      "/workspaces/hotwired_component-daisy/app/components/hotwired_component/daisy/card_component.rb": {
        "lines": [
          null,
          null,
          1,
          1,
          1,
          1,
          null,
          0,
          0,
          0,
          null,
          null,
          0,
          null,
          0,
          null,
          null,
          null
        ]
      },
      "/workspaces/hotwired_component-daisy/app/components/hotwired_component/daisy_component.rb": {
        "lines": [
          null,
          null,
          1,
          1,
          null,
          null
        ]
      },
      "/workspaces/hotwired_component-daisy/app/components/hotwired_component/daisy/forms/submit_button_component.rb": {
        "lines": [
          null,
          null,
          1,
          1,
          1,
          1,
          1,
          0,
          0,
          0,
          null,
          null,
          1,
          null,
          1,
          0,
          null,
          0,
          null,
          null,
          1,
          0,
          null,
          0,
          null,
          null,
          1,
          0,
          null,
          null,
          null,
          null,
          null
        ]
      }
    },
    "timestamp": 1619438913
  }
}
